-------------------------------------------------------------------------------
Test set: howl.in.disguise.TransformerRestServiceApplicationTests
-------------------------------------------------------------------------------
Tests run: 2, Failures: 0, Errors: 1, Skipped: 0, Time elapsed: 2.344 s <<< FAILURE! - in howl.in.disguise.TransformerRestServiceApplicationTests
testAddTransformer  Time elapsed: 0.122 s  <<< ERROR!
org.springframework.web.util.NestedServletException: Request processing failed; nested exception is java.lang.NullPointerException
	at howl.in.disguise.TransformerRestServiceApplicationTests.testAddTransformer(TransformerRestServiceApplicationTests.java:47)
Caused by: java.lang.NullPointerException
	at howl.in.disguise.TransformerRestServiceApplicationTests.testAddTransformer(TransformerRestServiceApplicationTests.java:47)

